<?xml version="1.0" encoding="UTF-8"?>
<!-- Generated by org.testng.reporters.JUnitReportReporter -->
<testsuite skipped="0" hostname="DESKTOP-2SD5LGT" name="testTask.Webautomation" tests="1" failures="0" timestamp="15 Oct 2020 00:04:37 GMT" time="44.876" errors="0">
  <testcase name="careers" time="44.876" classname="testTask.Webautomation"/>
</testsuite> <!-- testTask.Webautomation -->
